Starting Single Run, Sweeps and Corners...

Current time: Sat Apr 27 21:16:28 2024 
Best design point: 1
Design specs: 
	PSI_5723:tb_Oscilador3:1	corner	C0 - 
	T		419.9p
	td		29.99p
	PSI_5723:tb_Oscilador3:1	corner	C1 - 
	T		346.1p
	td		24.72p
	PSI_5723:tb_Oscilador3:1	corner	C2 - 
	T		298.2p
	td		21.3p
	PSI_5723:tb_Oscilador3:1	corner	C3 - 
	T		264.8p
	td		18.92p
	PSI_5723:tb_Oscilador3:1	corner	C4 - 
	T		240.4p
	td		17.17p
Design parameters: 
	vdc		960m

Interactive.0
Number of points completed: 1
Number of simulation errors: 0
Interactive.0 completed. 
Current time: Sat Apr 27 21:16:34 2024 
